Running 1 test case...
tests/unit_dmdt.cpp(160): error in "quantileCuts": check gsl_isnan(mean50Amp3s) failed
tests/unit_dmdt.cpp(164): error in "quantileCuts": check gsl_isnan(mean50Amp2s) failed
tests/unit_dmdt.cpp(133): error in "quantileCuts": floating point comparison failed: [0.8732500952 != 0.709] (0.1642500952 >= 0.01)
tests/unit_dmdt.cpp(133): error in "quantileCuts": floating point comparison failed: [1.138199093 != 1.178] (0.03980090726 >= 0.01)
